
  .   ____          _            __ _ _
 /\\ / ___'_ __ _ _(_)_ __  __ _ \ \ \ \
( ( )\___ | '_ | '_| | '_ \/ _` | \ \ \ \
 \\/  ___)| |_)| | | | | || (_| |  ) ) ) )
  '  |____| .__|_| |_|_| |_\__, | / / / /
 =========|_|==============|___/=/_/_/_/
 :: Spring Boot ::               (v2.7.18)

2026-05-11 19:56:52.686  INFO 45321 --- [           main] c.e.sentinel.SentinelServerApplication   : Starting SentinelServerApplication v1.0.0 using Java 21.0.2 on sonnv-16.local with PID 45321 (/Users/sonnv/Documents/repo/opensource/sentinel-poc/poc/sentinel-server/target/sentinel-server-1.0.0.jar started by sonnv in /Users/sonnv/Documents/repo/opensource/sentinel-poc/poc/service-order)
2026-05-11 19:56:52.690  INFO 45321 --- [           main] c.e.sentinel.SentinelServerApplication   : No active profile set, falling back to 1 default profile: "default"
2026-05-11 19:56:54.574  INFO 45321 --- [           main] o.s.b.w.embedded.tomcat.TomcatWebServer  : Tomcat initialized with port(s): 8721 (http)
2026-05-11 19:56:54.599  INFO 45321 --- [           main] o.apache.catalina.core.StandardService   : Starting service [Tomcat]
2026-05-11 19:56:54.599  INFO 45321 --- [           main] org.apache.catalina.core.StandardEngine  : Starting Servlet engine: [Apache Tomcat/9.0.83]
2026-05-11 19:56:54.718  INFO 45321 --- [           main] o.a.c.c.C.[Tomcat].[localhost].[/]       : Initializing Spring embedded WebApplicationContext
2026-05-11 19:56:54.718  INFO 45321 --- [           main] w.s.c.ServletWebServerApplicationContext : Root WebApplicationContext: initialization completed in 1929 ms
INFO: Sentinel log output type is: file
INFO: Sentinel log charset is: utf-8
INFO: Sentinel log base directory is: /Users/sonnv/logs/csp/
INFO: Sentinel log name use pid is: false
INFO: Sentinel log level is: INFO
=== Sentinel Token Server started: Netty port=18730, REST port=8720 ===
2026-05-11 19:56:55.471  INFO 45321 --- [ntLoopGroup-2-1] io.netty.handler.logging.LoggingHandler  : [id: 0xa0e4ec7a] REGISTERED
2026-05-11 19:56:55.474  INFO 45321 --- [ntLoopGroup-2-1] io.netty.handler.logging.LoggingHandler  : [id: 0xa0e4ec7a] BIND: 0.0.0.0/0.0.0.0:18730
2026-05-11 19:56:55.477  INFO 45321 --- [ntLoopGroup-2-1] io.netty.handler.logging.LoggingHandler  : [id: 0xa0e4ec7a, L:/[0:0:0:0:0:0:0:0]:18730] ACTIVE
2026-05-11 19:56:56.210  INFO 45321 --- [           main] o.s.b.w.embedded.tomcat.TomcatWebServer  : Tomcat started on port(s): 8721 (http) with context path ''
2026-05-11 19:56:56.224  INFO 45321 --- [           main] c.e.sentinel.SentinelServerApplication   : Started SentinelServerApplication in 4.313 seconds (JVM running for 5.24)
2026-05-11 19:57:02.105  INFO 45321 --- [ntLoopGroup-2-1] io.netty.handler.logging.LoggingHandler  : [id: 0xa0e4ec7a, L:/[0:0:0:0:0:0:0:0]:18730] READ: [id: 0xa2b76c15, L:/127.0.0.1:18730 - R:/127.0.0.1:58327]
2026-05-11 19:57:02.107  WARN 45321 --- [ntLoopGroup-2-1] io.netty.bootstrap.ServerBootstrap       : Unknown channel option 'SO_TIMEOUT' for channel '[id: 0xa2b76c15, L:/127.0.0.1:18730 - R:/127.0.0.1:58327]'
2026-05-11 19:57:02.109  INFO 45321 --- [ntLoopGroup-2-1] io.netty.handler.logging.LoggingHandler  : [id: 0xa0e4ec7a, L:/[0:0:0:0:0:0:0:0]:18730] READ COMPLETE
2026-05-11 19:57:04.425  INFO 45321 --- [nio-8721-exec-1] o.a.c.c.C.[Tomcat].[localhost].[/]       : Initializing Spring DispatcherServlet 'dispatcherServlet'
2026-05-11 19:57:04.425  INFO 45321 --- [nio-8721-exec-1] o.s.web.servlet.DispatcherServlet        : Initializing Servlet 'dispatcherServlet'
2026-05-11 19:57:04.427  INFO 45321 --- [nio-8721-exec-1] o.s.web.servlet.DispatcherServlet        : Completed initialization in 1 ms
